<?xml version="1.0" encoding="UTF-8"?>
<!-- Generated by org.testng.reporters.JUnitXMLReporter -->
<testsuite ignored="0" hostname="MJAIN2L1" failures="0" tests="12" name="Default test" time="18.462" errors="0" timestamp="04 Oct 2020 14:58:49 GMT">
  <testcase classname="tests.TestClass" name="AutomateCheckBox" time="2.326"/>
  <testcase classname="tests.TestClass" name="AutomateRadioButton" time="0.82"/>
  <testcase classname="tests.TestClass" name="DatePicker" time="0.667"/>
  <testcase classname="tests.TestClass" name="DropDown" time="0.558"/>
  <testcase classname="tests.TestClass" name="fileUpload" time="0.653"/>
  <testcase classname="tests.TestClass" name="fullForm" time="1.81"/>
  <testcase classname="tests.TestClass" name="javascriptModal" time="0.676"/>
  <testcase classname="tests.TestClass" name="switchToActiveWindow" time="0.724"/>
  <testcase classname="tests.TestClass" name="switchToAlert" time="1.409"/>
  <testcase classname="tests.TestClass" name="testAutocomplete" time="2.53"/>
  <testcase classname="tests.TestClass" name="testKeyBoardMouse" time="0.549"/>
  <testcase classname="tests.TestClass" name="testScroll" time="1.622"/>
</testsuite> <!-- Default test -->
